<?xml version="1.0" encoding="UTF-8"?>
<!-- Generated by org.testng.reporters.JUnitReportReporter -->
<testsuite hostname="remote-wkstn3-107" failures="0" tests="1" name="test.SeleniumTest" time="9.144" errors="0" timestamp="2023-08-23T11:18:06 CDT" skipped="0">
  <testcase classname="test.SeleniumTest" name="test" time="9.144"/>
</testsuite> <!-- test.SeleniumTest -->
