<?xml version="1.0" encoding="UTF-8"?>
<!-- Generated by org.testng.reporters.JUnitReportReporter -->
<testsuite hostname="remote-wkstn3-107" failures="0" tests="1" name="test.first_test" time="4.969" errors="0" timestamp="2023-08-23T09:05:39 CDT" skipped="0">
  <testcase classname="test.first_test" name="inputEmail" time="4.969"/>
</testsuite> <!-- test.first_test -->
