<?xml version="1.0" encoding="UTF-8"?>
<!-- Generated by org.testng.reporters.JUnitReportReporter -->
<testsuite hostname="remote-wkstn3-107" failures="0" tests="1" name="test.SeleniumTest" time="10.735" errors="0" timestamp="2023-08-23T09:23:35 CDT" skipped="0">
  <testcase classname="test.SeleniumTest" name="test" time="10.735"/>
</testsuite> <!-- test.SeleniumTest -->
