<?xml version="1.0" encoding="UTF-8"?>
<!-- Generated by org.testng.reporters.JUnitReportReporter -->
<testsuite hostname="remote-wkstn3-107" failures="0" tests="1" name="test.first_test" time="0.008" errors="0" timestamp="2023-08-23T10:33:35 CDT" skipped="0">
  <testcase classname="test.first_test" name="hashExample" time="0.008"/>
</testsuite> <!-- test.first_test -->
