<?xml version="1.0" encoding="UTF-8"?>
<!-- Generated by org.testng.reporters.JUnitReportReporter -->
<testsuite hostname="remote-wkstn3-107" failures="0" tests="1" name="test.first_test" time="8.725" errors="0" timestamp="2023-08-03T13:00:37 CDT" skipped="0">
  <testcase classname="test.first_test" name="testEnglishLocale" time="8.725"/>
  <system-out/>
</testsuite> <!-- test.first_test -->
