<?xml version="1.0" encoding="UTF-8"?>
<!-- Generated by org.testng.reporters.JUnitReportReporter -->
<testsuite hostname="remote-wkstn3-107" failures="0" tests="1" name="test.first_test" time="15.631" errors="0" timestamp="2023-08-15T12:18:36 CDT" skipped="0">
  <testcase classname="test.first_test" name="testEnglishLocale" time="15.631"/>
</testsuite> <!-- test.first_test -->
